<?xml version="1.0" encoding="UTF-8"?>
<!-- Generated by org.testng.reporters.JUnitXMLReporter -->
<testsuite hostname="Farazath" name="Command line test" tests="5" failures="1" timestamp="11 Sep 2013 19:49:08 GMT" time="0.395" errors="0">
  <testcase name="testInterpretIDDay" time="0.011" classname="cse.NICinterpreterNGTest"/>
  <testcase name="testInterpretIDMonth" time="0.001" classname="cse.NICinterpreterNGTest"/>
  <testcase name="testInterpretIDSex" time="0.004" classname="cse.NICinterpreterNGTest">
    <failure type="java.lang.AssertionError" message="expected [Maley] but found [Male]">
      <![CDATA[java.lang.AssertionError: expected [Maley] but found [Male]
	at cse.NICinterpreterNGTest.testInterpretIDSex(NICinterpreterNGTest.java:86)
... Removed 38 stack frames]]>
    </failure>
  </testcase> <!-- testInterpretIDSex -->
  <testcase name="testInterpretIDVoter" time="0.002" classname="cse.NICinterpreterNGTest"/>
  <testcase name="testInterpretIDYear" time="0.002" classname="cse.NICinterpreterNGTest"/>
</testsuite> <!-- Command line test -->
